<?xml version="1.0" encoding="UTF-8"?>
<testsuite name="es.upv.staq.testar.graph.TESTARGraphTest" tests="4" skipped="0" failures="0" errors="0" timestamp="2018-10-17T14:29:14" hostname="DESKTOP-HJN7EB1" time="0.022">
  <properties/>
  <testcase name="testEmptyLongestPath" classname="es.upv.staq.testar.graph.TESTARGraphTest" time="0.002"/>
  <testcase name="testAddExistingVertex" classname="es.upv.staq.testar.graph.TESTARGraphTest" time="0.002"/>
  <testcase name="buildEmptyGraph" classname="es.upv.staq.testar.graph.TESTARGraphTest" time="0.001"/>
  <testcase name="testAddNewVertex" classname="es.upv.staq.testar.graph.TESTARGraphTest" time="0.001"/>
  <system-out><![CDATA[]]></system-out>
  <system-err><![CDATA[]]></system-err>
</testsuite>
