<?xml version="1.0" encoding="UTF-8"?>
<testsuite name="nl.ou.testar.GraphDBTest" tests="6" skipped="0" failures="0" errors="0" timestamp="2018-10-17T14:29:22" hostname="DESKTOP-HJN7EB1" time="3.441">
  <properties/>
  <testcase name="addWidgetOnEnabledRepository" classname="nl.ou.testar.GraphDBTest" time="3.376"/>
  <testcase name="addWidgetOnDisabledRepository" classname="nl.ou.testar.GraphDBTest" time="0.0"/>
  <testcase name="addActionOnDisabledRepository" classname="nl.ou.testar.GraphDBTest" time="0.003"/>
  <testcase name="addActionOnEnabledRepository" classname="nl.ou.testar.GraphDBTest" time="0.006"/>
  <testcase name="addStateOnDisabledRepository" classname="nl.ou.testar.GraphDBTest" time="0.002"/>
  <testcase name="addStateOnEnabledRepository" classname="nl.ou.testar.GraphDBTest" time="0.031"/>
  <system-out><![CDATA[]]></system-out>
  <system-err><![CDATA[SLF4J: Failed to load class "org.slf4j.impl.StaticLoggerBinder".
SLF4J: Defaulting to no-operation (NOP) logger implementation
SLF4J: See http://www.slf4j.org/codes.html#StaticLoggerBinder for further details.
okt 17, 2018 4:29:25 PM com.orientechnologies.common.log.OLogManager log
INFO: OrientDB auto-config DISKCACHE=1.799MB (heap=1.799MB direct=1.799MB os=8.092MB)
okt 17, 2018 4:29:25 PM com.orientechnologies.common.log.OLogManager log
INFO: Lowering disk cache size from 1.799MB to 1.797MB.
okt 17, 2018 4:29:25 PM com.orientechnologies.common.log.OLogManager log
INFO: Lowering memory chunk size from 1.886.388.224B to 1.884.291.072B.
]]></system-err>
</testsuite>
